{"/Users/aokitsukasa/Projects/three-interact/src/InteractManager.ts": {"path":"/Users/aokitsukasa/Projects/three-interact/src/InteractManager.ts","all":false,"statementMap":{"0":{"start":{"line":1,"column":0},"end":{"line":1,"column":31}},"1":{"start":{"line":2,"column":0},"end":{"line":2,"column":46}},"2":{"start":{"line":3,"column":0},"end":{"line":3,"column":55}},"4":{"start":{"line":5,"column":0},"end":{"line":5,"column":30}},"5":{"start":{"line":6,"column":0},"end":{"line":6,"column":31}},"6":{"start":{"line":7,"column":0},"end":{"line":7,"column":34}},"7":{"start":{"line":8,"column":0},"end":{"line":8,"column":37}},"8":{"start":{"line":9,"column":0},"end":{"line":9,"column":31}},"9":{"start":{"line":10,"column":0},"end":{"line":10,"column":71}},"11":{"start":{"line":12,"column":0},"end":{"line":12,"column":67}},"12":{"start":{"line":13,"column":0},"end":{"line":13,"column":53}},"13":{"start":{"line":14,"column":0},"end":{"line":14,"column":51}},"14":{"start":{"line":15,"column":0},"end":{"line":15,"column":45}},"16":{"start":{"line":17,"column":0},"end":{"line":17,"column":14}},"17":{"start":{"line":18,"column":0},"end":{"line":18,"column":34}},"18":{"start":{"line":19,"column":0},"end":{"line":19,"column":25}},"19":{"start":{"line":20,"column":0},"end":{"line":20,"column":28}},"20":{"start":{"line":21,"column":0},"end":{"line":21,"column":5}},"21":{"start":{"line":22,"column":0},"end":{"line":22,"column":25}},"22":{"start":{"line":23,"column":0},"end":{"line":23,"column":56}},"23":{"start":{"line":24,"column":0},"end":{"line":24,"column":43}},"24":{"start":{"line":25,"column":0},"end":{"line":25,"column":37}},"27":{"start":{"line":28,"column":0},"end":{"line":28,"column":29}},"28":{"start":{"line":29,"column":0},"end":{"line":29,"column":3}},"31":{"start":{"line":32,"column":0},"end":{"line":32,"column":45}},"32":{"start":{"line":33,"column":0},"end":{"line":33,"column":41}},"33":{"start":{"line":34,"column":0},"end":{"line":34,"column":45}},"34":{"start":{"line":35,"column":0},"end":{"line":35,"column":5}},"36":{"start":{"line":37,"column":0},"end":{"line":37,"column":50}},"37":{"start":{"line":38,"column":0},"end":{"line":38,"column":49}},"39":{"start":{"line":40,"column":0},"end":{"line":40,"column":24}},"40":{"start":{"line":41,"column":0},"end":{"line":41,"column":3}},"43":{"start":{"line":44,"column":0},"end":{"line":44,"column":40}},"44":{"start":{"line":45,"column":0},"end":{"line":45,"column":38}},"45":{"start":{"line":46,"column":0},"end":{"line":46,"column":39}},"47":{"start":{"line":48,"column":0},"end":{"line":48,"column":39}},"48":{"start":{"line":49,"column":0},"end":{"line":49,"column":31}},"49":{"start":{"line":50,"column":0},"end":{"line":50,"column":5}},"51":{"start":{"line":52,"column":0},"end":{"line":52,"column":37}},"52":{"start":{"line":53,"column":0},"end":{"line":53,"column":29}},"53":{"start":{"line":54,"column":0},"end":{"line":54,"column":5}},"54":{"start":{"line":55,"column":0},"end":{"line":55,"column":3}},"57":{"start":{"line":58,"column":0},"end":{"line":58,"column":37}},"58":{"start":{"line":59,"column":0},"end":{"line":59,"column":83}},"59":{"start":{"line":60,"column":0},"end":{"line":60,"column":71}},"60":{"start":{"line":61,"column":0},"end":{"line":61,"column":83}},"61":{"start":{"line":62,"column":0},"end":{"line":62,"column":79}},"62":{"start":{"line":63,"column":0},"end":{"line":63,"column":3}},"65":{"start":{"line":66,"column":0},"end":{"line":66,"column":82}},"66":{"start":{"line":67,"column":0},"end":{"line":67,"column":57}},"68":{"start":{"line":69,"column":0},"end":{"line":69,"column":70}},"69":{"start":{"line":70,"column":0},"end":{"line":70,"column":71}},"71":{"start":{"line":72,"column":0},"end":{"line":72,"column":60}},"72":{"start":{"line":73,"column":0},"end":{"line":73,"column":60}},"74":{"start":{"line":75,"column":0},"end":{"line":75,"column":45}},"75":{"start":{"line":76,"column":0},"end":{"line":76,"column":45}},"77":{"start":{"line":78,"column":0},"end":{"line":78,"column":30}},"78":{"start":{"line":79,"column":0},"end":{"line":79,"column":3}},"81":{"start":{"line":82,"column":0},"end":{"line":82,"column":52}},"82":{"start":{"line":83,"column":0},"end":{"line":83,"column":57}},"85":{"start":{"line":86,"column":0},"end":{"line":86,"column":26}},"86":{"start":{"line":87,"column":0},"end":{"line":87,"column":67}},"88":{"start":{"line":89,"column":0},"end":{"line":89,"column":25}},"89":{"start":{"line":90,"column":0},"end":{"line":90,"column":48}},"90":{"start":{"line":91,"column":0},"end":{"line":91,"column":17}},"91":{"start":{"line":92,"column":0},"end":{"line":92,"column":26}},"92":{"start":{"line":93,"column":0},"end":{"line":93,"column":48}},"93":{"start":{"line":94,"column":0},"end":{"line":94,"column":15}},"94":{"start":{"line":95,"column":0},"end":{"line":95,"column":10}},"96":{"start":{"line":97,"column":0},"end":{"line":97,"column":39}},"97":{"start":{"line":98,"column":0},"end":{"line":98,"column":39}},"99":{"start":{"line":100,"column":0},"end":{"line":100,"column":50}},"100":{"start":{"line":101,"column":0},"end":{"line":101,"column":7}},"101":{"start":{"line":102,"column":0},"end":{"line":102,"column":5}},"104":{"start":{"line":105,"column":0},"end":{"line":105,"column":48}},"105":{"start":{"line":106,"column":0},"end":{"line":106,"column":47}},"106":{"start":{"line":107,"column":0},"end":{"line":107,"column":41}},"107":{"start":{"line":108,"column":0},"end":{"line":108,"column":58}},"109":{"start":{"line":110,"column":0},"end":{"line":110,"column":34}},"111":{"start":{"line":112,"column":0},"end":{"line":112,"column":86}},"112":{"start":{"line":113,"column":0},"end":{"line":113,"column":33}},"113":{"start":{"line":114,"column":0},"end":{"line":114,"column":33}},"115":{"start":{"line":116,"column":0},"end":{"line":116,"column":44}},"117":{"start":{"line":118,"column":0},"end":{"line":118,"column":35}},"118":{"start":{"line":119,"column":0},"end":{"line":119,"column":5}},"121":{"start":{"line":122,"column":0},"end":{"line":122,"column":31}},"122":{"start":{"line":123,"column":0},"end":{"line":123,"column":3}},"125":{"start":{"line":126,"column":0},"end":{"line":126,"column":44}},"126":{"start":{"line":127,"column":0},"end":{"line":127,"column":46}},"127":{"start":{"line":128,"column":0},"end":{"line":128,"column":48}},"129":{"start":{"line":130,"column":0},"end":{"line":130,"column":47}},"130":{"start":{"line":131,"column":0},"end":{"line":131,"column":41}},"131":{"start":{"line":132,"column":0},"end":{"line":132,"column":58}},"133":{"start":{"line":134,"column":0},"end":{"line":134,"column":34}},"135":{"start":{"line":136,"column":0},"end":{"line":136,"column":84}},"137":{"start":{"line":138,"column":0},"end":{"line":138,"column":48}},"139":{"start":{"line":140,"column":0},"end":{"line":140,"column":39}},"140":{"start":{"line":141,"column":0},"end":{"line":141,"column":5}},"141":{"start":{"line":142,"column":0},"end":{"line":142,"column":3}},"144":{"start":{"line":145,"column":0},"end":{"line":145,"column":52}},"145":{"start":{"line":146,"column":0},"end":{"line":146,"column":30}},"146":{"start":{"line":147,"column":0},"end":{"line":147,"column":48}},"148":{"start":{"line":149,"column":0},"end":{"line":149,"column":47}},"149":{"start":{"line":150,"column":0},"end":{"line":150,"column":41}},"150":{"start":{"line":151,"column":0},"end":{"line":151,"column":58}},"152":{"start":{"line":153,"column":0},"end":{"line":153,"column":34}},"154":{"start":{"line":155,"column":0},"end":{"line":155,"column":90}},"156":{"start":{"line":157,"column":0},"end":{"line":157,"column":48}},"159":{"start":{"line":160,"column":0},"end":{"line":160,"column":31}},"160":{"start":{"line":161,"column":0},"end":{"line":161,"column":33}},"162":{"start":{"line":163,"column":0},"end":{"line":163,"column":39}},"163":{"start":{"line":164,"column":0},"end":{"line":164,"column":5}},"164":{"start":{"line":165,"column":0},"end":{"line":165,"column":3}},"167":{"start":{"line":168,"column":0},"end":{"line":168,"column":50}},"168":{"start":{"line":169,"column":0},"end":{"line":169,"column":30}},"171":{"start":{"line":172,"column":0},"end":{"line":172,"column":27}},"174":{"start":{"line":175,"column":0},"end":{"line":175,"column":48}},"176":{"start":{"line":177,"column":0},"end":{"line":177,"column":47}},"177":{"start":{"line":178,"column":0},"end":{"line":178,"column":41}},"178":{"start":{"line":179,"column":0},"end":{"line":179,"column":58}},"180":{"start":{"line":181,"column":0},"end":{"line":181,"column":34}},"182":{"start":{"line":183,"column":0},"end":{"line":183,"column":88}},"184":{"start":{"line":185,"column":0},"end":{"line":185,"column":48}},"186":{"start":{"line":187,"column":0},"end":{"line":187,"column":39}},"187":{"start":{"line":188,"column":0},"end":{"line":188,"column":5}},"189":{"start":{"line":190,"column":0},"end":{"line":190,"column":29}},"190":{"start":{"line":191,"column":0},"end":{"line":191,"column":3}},"193":{"start":{"line":194,"column":0},"end":{"line":194,"column":53}},"194":{"start":{"line":195,"column":0},"end":{"line":195,"column":48}},"195":{"start":{"line":196,"column":0},"end":{"line":196,"column":73}},"198":{"start":{"line":199,"column":0},"end":{"line":199,"column":47}},"199":{"start":{"line":200,"column":0},"end":{"line":200,"column":41}},"200":{"start":{"line":201,"column":0},"end":{"line":201,"column":58}},"202":{"start":{"line":203,"column":0},"end":{"line":203,"column":34}},"205":{"start":{"line":206,"column":0},"end":{"line":206,"column":45}},"206":{"start":{"line":207,"column":0},"end":{"line":207,"column":46}},"208":{"start":{"line":209,"column":0},"end":{"line":209,"column":92}},"209":{"start":{"line":210,"column":0},"end":{"line":210,"column":55}},"210":{"start":{"line":211,"column":0},"end":{"line":211,"column":42}},"211":{"start":{"line":212,"column":0},"end":{"line":212,"column":9}},"212":{"start":{"line":213,"column":0},"end":{"line":213,"column":7}},"213":{"start":{"line":214,"column":0},"end":{"line":214,"column":5}},"216":{"start":{"line":217,"column":0},"end":{"line":217,"column":52}},"217":{"start":{"line":218,"column":0},"end":{"line":218,"column":44}},"218":{"start":{"line":219,"column":0},"end":{"line":219,"column":43}},"220":{"start":{"line":221,"column":0},"end":{"line":221,"column":60}},"222":{"start":{"line":223,"column":0},"end":{"line":223,"column":27}},"223":{"start":{"line":224,"column":0},"end":{"line":224,"column":60}},"225":{"start":{"line":226,"column":0},"end":{"line":226,"column":94}},"226":{"start":{"line":227,"column":0},"end":{"line":227,"column":51}},"227":{"start":{"line":228,"column":0},"end":{"line":228,"column":9}},"228":{"start":{"line":229,"column":0},"end":{"line":229,"column":7}},"229":{"start":{"line":230,"column":0},"end":{"line":230,"column":5}},"230":{"start":{"line":231,"column":0},"end":{"line":231,"column":3}},"233":{"start":{"line":234,"column":0},"end":{"line":234,"column":50}},"234":{"start":{"line":235,"column":0},"end":{"line":235,"column":58}},"236":{"start":{"line":237,"column":0},"end":{"line":237,"column":58}},"237":{"start":{"line":238,"column":0},"end":{"line":238,"column":59}},"238":{"start":{"line":239,"column":0},"end":{"line":239,"column":3}},"241":{"start":{"line":242,"column":0},"end":{"line":242,"column":71}},"242":{"start":{"line":243,"column":0},"end":{"line":243,"column":58}},"243":{"start":{"line":244,"column":0},"end":{"line":244,"column":72}},"245":{"start":{"line":246,"column":0},"end":{"line":246,"column":33}},"246":{"start":{"line":247,"column":0},"end":{"line":247,"column":19}},"247":{"start":{"line":248,"column":0},"end":{"line":248,"column":34}},"248":{"start":{"line":249,"column":0},"end":{"line":249,"column":13}},"249":{"start":{"line":250,"column":0},"end":{"line":250,"column":17}},"250":{"start":{"line":251,"column":0},"end":{"line":251,"column":27}},"251":{"start":{"line":252,"column":0},"end":{"line":252,"column":20}},"252":{"start":{"line":253,"column":0},"end":{"line":253,"column":21}},"253":{"start":{"line":254,"column":0},"end":{"line":254,"column":27}},"254":{"start":{"line":255,"column":0},"end":{"line":255,"column":6}},"255":{"start":{"line":256,"column":0},"end":{"line":256,"column":3}},"258":{"start":{"line":259,"column":0},"end":{"line":259,"column":18}},"261":{"start":{"line":262,"column":0},"end":{"line":262,"column":3}},"262":{"start":{"line":263,"column":0},"end":{"line":263,"column":1}}},"s":{"0":1,"1":1,"2":1,"4":1,"5":17,"6":17,"7":17,"8":17,"9":17,"11":17,"12":17,"13":17,"14":17,"16":17,"17":17,"18":17,"19":17,"20":17,"21":17,"22":17,"23":17,"24":17,"27":17,"28":17,"31":17,"32":18,"33":1,"34":1,"36":17,"37":17,"39":17,"40":18,"43":17,"44":2,"45":2,"47":2,"48":0,"49":0,"51":2,"52":0,"53":0,"54":2,"57":17,"58":17,"59":17,"60":17,"61":17,"62":17,"65":17,"66":0,"68":0,"69":0,"71":0,"72":0,"74":0,"75":0,"77":0,"78":0,"81":17,"82":10,"85":10,"86":1,"88":1,"89":1,"90":1,"91":1,"92":1,"93":1,"94":1,"96":1,"97":1,"99":1,"100":1,"101":1,"104":10,"105":10,"106":9,"107":9,"109":9,"111":9,"112":9,"113":9,"115":9,"117":9,"118":9,"121":10,"122":10,"125":17,"126":8,"127":8,"129":8,"130":7,"131":7,"133":7,"135":6,"137":6,"139":6,"140":7,"141":8,"144":17,"145":1,"146":1,"148":1,"149":1,"150":1,"152":1,"154":1,"156":1,"159":1,"160":1,"162":1,"163":1,"164":1,"167":17,"168":1,"171":1,"174":1,"176":1,"177":1,"178":1,"180":1,"182":1,"184":1,"186":1,"187":1,"189":1,"190":1,"193":17,"194":12,"195":12,"198":12,"199":10,"200":10,"202":10,"205":10,"206":6,"208":6,"209":6,"210":2,"211":2,"212":6,"213":10,"216":12,"217":12,"218":2,"220":2,"222":2,"223":2,"225":2,"226":2,"227":2,"228":2,"229":12,"230":12,"233":17,"234":0,"236":0,"237":0,"238":0,"241":17,"242":3,"243":3,"245":3,"246":3,"247":3,"248":3,"249":3,"250":3,"251":3,"252":3,"253":3,"254":3,"255":3,"258":17,"261":0,"262":17},"branchMap":{"0":{"type":"branch","line":5,"loc":{"start":{"line":5,"column":7},"end":{"line":263,"column":1}},"locations":[{"start":{"line":5,"column":7},"end":{"line":263,"column":1}}]},"1":{"type":"branch","line":17,"loc":{"start":{"line":17,"column":2},"end":{"line":29,"column":3}},"locations":[{"start":{"line":17,"column":2},"end":{"line":29,"column":3}}]},"2":{"type":"branch","line":32,"loc":{"start":{"line":32,"column":2},"end":{"line":41,"column":3}},"locations":[{"start":{"line":32,"column":2},"end":{"line":41,"column":3}}]},"3":{"type":"branch","line":33,"loc":{"start":{"line":33,"column":40},"end":{"line":35,"column":5}},"locations":[{"start":{"line":33,"column":40},"end":{"line":35,"column":5}}]},"4":{"type":"branch","line":35,"loc":{"start":{"line":35,"column":4},"end":{"line":40,"column":24}},"locations":[{"start":{"line":35,"column":4},"end":{"line":40,"column":24}}]},"5":{"type":"branch","line":44,"loc":{"start":{"line":44,"column":2},"end":{"line":55,"column":3}},"locations":[{"start":{"line":44,"column":2},"end":{"line":55,"column":3}}]},"6":{"type":"branch","line":48,"loc":{"start":{"line":48,"column":38},"end":{"line":50,"column":5}},"locations":[{"start":{"line":48,"column":38},"end":{"line":50,"column":5}}]},"7":{"type":"branch","line":52,"loc":{"start":{"line":52,"column":36},"end":{"line":54,"column":5}},"locations":[{"start":{"line":52,"column":36},"end":{"line":54,"column":5}}]},"8":{"type":"branch","line":58,"loc":{"start":{"line":58,"column":10},"end":{"line":63,"column":3}},"locations":[{"start":{"line":58,"column":10},"end":{"line":63,"column":3}}]},"9":{"type":"branch","line":82,"loc":{"start":{"line":82,"column":10},"end":{"line":123,"column":3}},"locations":[{"start":{"line":82,"column":10},"end":{"line":123,"column":3}}]},"10":{"type":"branch","line":86,"loc":{"start":{"line":86,"column":25},"end":{"line":102,"column":5}},"locations":[{"start":{"line":86,"column":25},"end":{"line":102,"column":5}}]},"11":{"type":"branch","line":106,"loc":{"start":{"line":106,"column":46},"end":{"line":119,"column":5}},"locations":[{"start":{"line":106,"column":46},"end":{"line":119,"column":5}}]},"12":{"type":"branch","line":110,"loc":{"start":{"line":110,"column":25},"end":{"line":110,"column":34}},"locations":[{"start":{"line":110,"column":25},"end":{"line":110,"column":34}}]},"13":{"type":"branch","line":118,"loc":{"start":{"line":118,"column":29},"end":{"line":118,"column":35}},"locations":[{"start":{"line":118,"column":29},"end":{"line":118,"column":35}}]},"14":{"type":"branch","line":126,"loc":{"start":{"line":126,"column":10},"end":{"line":142,"column":3}},"locations":[{"start":{"line":126,"column":10},"end":{"line":142,"column":3}}]},"15":{"type":"branch","line":130,"loc":{"start":{"line":130,"column":46},"end":{"line":141,"column":5}},"locations":[{"start":{"line":130,"column":46},"end":{"line":141,"column":5}}]},"16":{"type":"branch","line":134,"loc":{"start":{"line":134,"column":25},"end":{"line":134,"column":34}},"locations":[{"start":{"line":134,"column":25},"end":{"line":134,"column":34}}]},"17":{"type":"branch","line":134,"loc":{"start":{"line":134,"column":25},"end":{"line":140,"column":39}},"locations":[{"start":{"line":134,"column":25},"end":{"line":140,"column":39}}]},"18":{"type":"branch","line":140,"loc":{"start":{"line":140,"column":33},"end":{"line":140,"column":39}},"locations":[{"start":{"line":140,"column":33},"end":{"line":140,"column":39}}]},"19":{"type":"branch","line":145,"loc":{"start":{"line":145,"column":10},"end":{"line":165,"column":3}},"locations":[{"start":{"line":145,"column":10},"end":{"line":165,"column":3}}]},"20":{"type":"branch","line":153,"loc":{"start":{"line":153,"column":25},"end":{"line":153,"column":34}},"locations":[{"start":{"line":153,"column":25},"end":{"line":153,"column":34}}]},"21":{"type":"branch","line":163,"loc":{"start":{"line":163,"column":33},"end":{"line":163,"column":39}},"locations":[{"start":{"line":163,"column":33},"end":{"line":163,"column":39}}]},"22":{"type":"branch","line":168,"loc":{"start":{"line":168,"column":10},"end":{"line":191,"column":3}},"locations":[{"start":{"line":168,"column":10},"end":{"line":191,"column":3}}]},"23":{"type":"branch","line":181,"loc":{"start":{"line":181,"column":25},"end":{"line":181,"column":34}},"locations":[{"start":{"line":181,"column":25},"end":{"line":181,"column":34}}]},"24":{"type":"branch","line":187,"loc":{"start":{"line":187,"column":33},"end":{"line":187,"column":39}},"locations":[{"start":{"line":187,"column":33},"end":{"line":187,"column":39}}]},"25":{"type":"branch","line":194,"loc":{"start":{"line":194,"column":10},"end":{"line":231,"column":3}},"locations":[{"start":{"line":194,"column":10},"end":{"line":231,"column":3}}]},"26":{"type":"branch","line":199,"loc":{"start":{"line":199,"column":46},"end":{"line":214,"column":5}},"locations":[{"start":{"line":199,"column":46},"end":{"line":214,"column":5}}]},"27":{"type":"branch","line":203,"loc":{"start":{"line":203,"column":25},"end":{"line":203,"column":34}},"locations":[{"start":{"line":203,"column":25},"end":{"line":203,"column":34}}]},"28":{"type":"branch","line":206,"loc":{"start":{"line":206,"column":44},"end":{"line":213,"column":7}},"locations":[{"start":{"line":206,"column":44},"end":{"line":213,"column":7}}]},"29":{"type":"branch","line":210,"loc":{"start":{"line":210,"column":54},"end":{"line":212,"column":9}},"locations":[{"start":{"line":210,"column":54},"end":{"line":212,"column":9}}]},"30":{"type":"branch","line":211,"loc":{"start":{"line":211,"column":36},"end":{"line":211,"column":42}},"locations":[{"start":{"line":211,"column":36},"end":{"line":211,"column":42}}]},"31":{"type":"branch","line":218,"loc":{"start":{"line":218,"column":43},"end":{"line":229,"column":7}},"locations":[{"start":{"line":218,"column":43},"end":{"line":229,"column":7}}]},"32":{"type":"branch","line":196,"loc":{"start":{"line":196,"column":57},"end":{"line":196,"column":70}},"locations":[{"start":{"line":196,"column":57},"end":{"line":196,"column":70}}]},"33":{"type":"branch","line":242,"loc":{"start":{"line":242,"column":10},"end":{"line":256,"column":3}},"locations":[{"start":{"line":242,"column":10},"end":{"line":256,"column":3}}]}},"b":{"0":[17],"1":[17],"2":[18],"3":[1],"4":[17],"5":[2],"6":[0],"7":[0],"8":[17],"9":[10],"10":[1],"11":[9],"12":[0],"13":[0],"14":[8],"15":[7],"16":[1],"17":[6],"18":[2],"19":[1],"20":[0],"21":[0],"22":[1],"23":[0],"24":[0],"25":[12],"26":[10],"27":[0],"28":[6],"29":[2],"30":[0],"31":[2],"32":[10],"33":[3]},"fnMap":{"0":{"name":"<instance_members_initializer>","decl":{"start":{"line":5,"column":7},"end":{"line":263,"column":1}},"loc":{"start":{"line":5,"column":7},"end":{"line":263,"column":1}},"line":5},"1":{"name":"InteractManager","decl":{"start":{"line":17,"column":2},"end":{"line":29,"column":3}},"loc":{"start":{"line":17,"column":2},"end":{"line":29,"column":3}},"line":17},"2":{"name":"add","decl":{"start":{"line":32,"column":2},"end":{"line":41,"column":3}},"loc":{"start":{"line":32,"column":2},"end":{"line":41,"column":3}},"line":32},"3":{"name":"remove","decl":{"start":{"line":44,"column":2},"end":{"line":55,"column":3}},"loc":{"start":{"line":44,"column":2},"end":{"line":55,"column":3}},"line":44},"4":{"name":"addEventListeners","decl":{"start":{"line":58,"column":10},"end":{"line":63,"column":3}},"loc":{"start":{"line":58,"column":10},"end":{"line":63,"column":3}},"line":58},"5":{"name":"updatePointer","decl":{"start":{"line":66,"column":10},"end":{"line":79,"column":3}},"loc":{"start":{"line":66,"column":10},"end":{"line":79,"column":3}},"line":66},"6":{"name":"onPointerMove","decl":{"start":{"line":82,"column":10},"end":{"line":123,"column":3}},"loc":{"start":{"line":82,"column":10},"end":{"line":123,"column":3}},"line":82},"7":{"name":"onClick","decl":{"start":{"line":126,"column":10},"end":{"line":142,"column":3}},"loc":{"start":{"line":126,"column":10},"end":{"line":142,"column":3}},"line":126},"8":{"name":"onPointerDown","decl":{"start":{"line":145,"column":10},"end":{"line":165,"column":3}},"loc":{"start":{"line":145,"column":10},"end":{"line":165,"column":3}},"line":145},"9":{"name":"onPointerUp","decl":{"start":{"line":168,"column":10},"end":{"line":191,"column":3}},"loc":{"start":{"line":168,"column":10},"end":{"line":191,"column":3}},"line":168},"10":{"name":"processRaycast","decl":{"start":{"line":194,"column":10},"end":{"line":231,"column":3}},"loc":{"start":{"line":194,"column":10},"end":{"line":231,"column":3}},"line":194},"11":{"name":"performRaycast","decl":{"start":{"line":234,"column":10},"end":{"line":239,"column":3}},"loc":{"start":{"line":234,"column":10},"end":{"line":239,"column":3}},"line":234},"12":{"name":"getIntersection","decl":{"start":{"line":242,"column":10},"end":{"line":256,"column":3}},"loc":{"start":{"line":242,"column":10},"end":{"line":256,"column":3}},"line":242},"13":{"name":"update","decl":{"start":{"line":259,"column":2},"end":{"line":262,"column":3}},"loc":{"start":{"line":259,"column":2},"end":{"line":262,"column":3}},"line":259}},"f":{"0":17,"1":17,"2":18,"3":2,"4":17,"5":0,"6":10,"7":8,"8":1,"9":1,"10":12,"11":0,"12":3,"13":0}}
,"/Users/aokitsukasa/Projects/three-interact/src/Interactable.ts": {"path":"/Users/aokitsukasa/Projects/three-interact/src/Interactable.ts","all":false,"statementMap":{"8":{"start":{"line":9,"column":0},"end":{"line":9,"column":27}},"9":{"start":{"line":10,"column":0},"end":{"line":10,"column":33}},"10":{"start":{"line":11,"column":0},"end":{"line":11,"column":73}},"12":{"start":{"line":13,"column":0},"end":{"line":13,"column":39}},"13":{"start":{"line":14,"column":0},"end":{"line":14,"column":25}},"14":{"start":{"line":15,"column":0},"end":{"line":15,"column":3}},"17":{"start":{"line":18,"column":0},"end":{"line":18,"column":68}},"18":{"start":{"line":19,"column":0},"end":{"line":19,"column":40}},"19":{"start":{"line":20,"column":0},"end":{"line":20,"column":39}},"20":{"start":{"line":21,"column":0},"end":{"line":21,"column":5}},"22":{"start":{"line":23,"column":0},"end":{"line":23,"column":48}},"23":{"start":{"line":24,"column":0},"end":{"line":24,"column":16}},"24":{"start":{"line":25,"column":0},"end":{"line":25,"column":3}},"27":{"start":{"line":28,"column":0},"end":{"line":28,"column":48}},"28":{"start":{"line":29,"column":0},"end":{"line":29,"column":37}},"29":{"start":{"line":30,"column":0},"end":{"line":30,"column":3}},"32":{"start":{"line":33,"column":0},"end":{"line":33,"column":47}},"33":{"start":{"line":34,"column":0},"end":{"line":34,"column":36}},"34":{"start":{"line":35,"column":0},"end":{"line":35,"column":3}},"37":{"start":{"line":38,"column":0},"end":{"line":38,"column":48}},"38":{"start":{"line":39,"column":0},"end":{"line":39,"column":56}},"40":{"start":{"line":41,"column":0},"end":{"line":41,"column":32}},"42":{"start":{"line":43,"column":0},"end":{"line":43,"column":33}},"43":{"start":{"line":44,"column":0},"end":{"line":44,"column":21}},"44":{"start":{"line":45,"column":0},"end":{"line":45,"column":7}},"46":{"start":{"line":47,"column":0},"end":{"line":47,"column":31}},"47":{"start":{"line":48,"column":0},"end":{"line":48,"column":3}},"50":{"start":{"line":51,"column":0},"end":{"line":51,"column":70}},"51":{"start":{"line":52,"column":0},"end":{"line":52,"column":19}},"53":{"start":{"line":54,"column":0},"end":{"line":54,"column":38}},"54":{"start":{"line":55,"column":0},"end":{"line":55,"column":12}},"56":{"start":{"line":57,"column":0},"end":{"line":57,"column":52}},"58":{"start":{"line":59,"column":0},"end":{"line":59,"column":21}},"59":{"start":{"line":60,"column":0},"end":{"line":60,"column":48}},"60":{"start":{"line":61,"column":0},"end":{"line":61,"column":27}},"61":{"start":{"line":62,"column":0},"end":{"line":62,"column":36}},"62":{"start":{"line":63,"column":0},"end":{"line":63,"column":9}},"64":{"start":{"line":65,"column":0},"end":{"line":65,"column":36}},"65":{"start":{"line":66,"column":0},"end":{"line":66,"column":42}},"66":{"start":{"line":67,"column":0},"end":{"line":67,"column":9}},"67":{"start":{"line":68,"column":0},"end":{"line":68,"column":7}},"68":{"start":{"line":69,"column":0},"end":{"line":69,"column":5}},"70":{"start":{"line":71,"column":0},"end":{"line":71,"column":16}},"71":{"start":{"line":72,"column":0},"end":{"line":72,"column":3}},"74":{"start":{"line":75,"column":0},"end":{"line":75,"column":21}},"75":{"start":{"line":76,"column":0},"end":{"line":76,"column":31}},"76":{"start":{"line":77,"column":0},"end":{"line":77,"column":16}},"77":{"start":{"line":78,"column":0},"end":{"line":78,"column":3}},"80":{"start":{"line":81,"column":0},"end":{"line":81,"column":46}},"81":{"start":{"line":82,"column":0},"end":{"line":82,"column":25}},"82":{"start":{"line":83,"column":0},"end":{"line":83,"column":46}},"83":{"start":{"line":84,"column":0},"end":{"line":84,"column":5}},"85":{"start":{"line":86,"column":0},"end":{"line":86,"column":25}},"86":{"start":{"line":87,"column":0},"end":{"line":87,"column":46}},"87":{"start":{"line":88,"column":0},"end":{"line":88,"column":5}},"89":{"start":{"line":90,"column":0},"end":{"line":90,"column":24}},"90":{"start":{"line":91,"column":0},"end":{"line":91,"column":44}},"91":{"start":{"line":92,"column":0},"end":{"line":92,"column":5}},"93":{"start":{"line":94,"column":0},"end":{"line":94,"column":16}},"94":{"start":{"line":95,"column":0},"end":{"line":95,"column":3}},"97":{"start":{"line":98,"column":0},"end":{"line":98,"column":55}},"98":{"start":{"line":99,"column":0},"end":{"line":99,"column":44}},"99":{"start":{"line":100,"column":0},"end":{"line":100,"column":3}},"102":{"start":{"line":103,"column":0},"end":{"line":103,"column":55}},"103":{"start":{"line":104,"column":0},"end":{"line":104,"column":44}},"104":{"start":{"line":105,"column":0},"end":{"line":105,"column":3}},"107":{"start":{"line":108,"column":0},"end":{"line":108,"column":54}},"108":{"start":{"line":109,"column":0},"end":{"line":109,"column":43}},"109":{"start":{"line":110,"column":0},"end":{"line":110,"column":3}},"112":{"start":{"line":113,"column":0},"end":{"line":113,"column":31}},"113":{"start":{"line":114,"column":0},"end":{"line":114,"column":23}},"114":{"start":{"line":115,"column":0},"end":{"line":115,"column":3}},"115":{"start":{"line":116,"column":0},"end":{"line":116,"column":1}}},"s":{"8":1,"9":36,"10":36,"12":36,"13":36,"14":36,"17":36,"18":38,"19":36,"20":36,"22":38,"23":38,"24":38,"27":36,"28":14,"29":14,"32":36,"33":3,"34":3,"37":36,"38":39,"40":39,"42":26,"43":27,"44":26,"46":26,"47":39,"50":36,"51":2,"53":1,"54":1,"56":1,"58":1,"59":1,"60":1,"61":1,"62":1,"64":1,"65":0,"66":0,"67":1,"68":1,"70":2,"71":2,"74":36,"75":1,"76":1,"77":1,"80":36,"81":0,"82":0,"83":0,"85":0,"86":0,"87":0,"89":0,"90":0,"91":0,"93":0,"94":0,"97":36,"98":6,"99":6,"102":36,"103":5,"104":5,"107":36,"108":4,"109":4,"112":36,"113":0,"114":0,"115":36},"branchMap":{"0":{"type":"branch","line":9,"loc":{"start":{"line":9,"column":7},"end":{"line":116,"column":1}},"locations":[{"start":{"line":9,"column":7},"end":{"line":116,"column":1}}]},"1":{"type":"branch","line":13,"loc":{"start":{"line":13,"column":2},"end":{"line":15,"column":3}},"locations":[{"start":{"line":13,"column":2},"end":{"line":15,"column":3}}]},"2":{"type":"branch","line":18,"loc":{"start":{"line":18,"column":2},"end":{"line":25,"column":3}},"locations":[{"start":{"line":18,"column":2},"end":{"line":25,"column":3}}]},"3":{"type":"branch","line":19,"loc":{"start":{"line":19,"column":39},"end":{"line":21,"column":5}},"locations":[{"start":{"line":19,"column":39},"end":{"line":21,"column":5}}]},"4":{"type":"branch","line":28,"loc":{"start":{"line":28,"column":2},"end":{"line":30,"column":3}},"locations":[{"start":{"line":28,"column":2},"end":{"line":30,"column":3}}]},"5":{"type":"branch","line":33,"loc":{"start":{"line":33,"column":2},"end":{"line":35,"column":3}},"locations":[{"start":{"line":33,"column":2},"end":{"line":35,"column":3}}]},"6":{"type":"branch","line":38,"loc":{"start":{"line":38,"column":2},"end":{"line":48,"column":3}},"locations":[{"start":{"line":38,"column":2},"end":{"line":48,"column":3}}]},"7":{"type":"branch","line":41,"loc":{"start":{"line":41,"column":19},"end":{"line":41,"column":32}},"locations":[{"start":{"line":41,"column":19},"end":{"line":41,"column":32}}]},"8":{"type":"branch","line":41,"loc":{"start":{"line":41,"column":26},"end":{"line":47,"column":31}},"locations":[{"start":{"line":41,"column":26},"end":{"line":47,"column":31}}]},"9":{"type":"branch","line":43,"loc":{"start":{"line":43,"column":21},"end":{"line":45,"column":5}},"locations":[{"start":{"line":43,"column":21},"end":{"line":45,"column":5}}]},"10":{"type":"branch","line":51,"loc":{"start":{"line":51,"column":2},"end":{"line":72,"column":3}},"locations":[{"start":{"line":51,"column":2},"end":{"line":72,"column":3}}]},"11":{"type":"branch","line":52,"loc":{"start":{"line":52,"column":18},"end":{"line":69,"column":5}},"locations":[{"start":{"line":52,"column":18},"end":{"line":69,"column":5}}]},"12":{"type":"branch","line":65,"loc":{"start":{"line":65,"column":35},"end":{"line":67,"column":9}},"locations":[{"start":{"line":65,"column":35},"end":{"line":67,"column":9}}]},"13":{"type":"branch","line":75,"loc":{"start":{"line":75,"column":2},"end":{"line":78,"column":3}},"locations":[{"start":{"line":75,"column":2},"end":{"line":78,"column":3}}]},"14":{"type":"branch","line":98,"loc":{"start":{"line":98,"column":2},"end":{"line":100,"column":3}},"locations":[{"start":{"line":98,"column":2},"end":{"line":100,"column":3}}]},"15":{"type":"branch","line":103,"loc":{"start":{"line":103,"column":2},"end":{"line":105,"column":3}},"locations":[{"start":{"line":103,"column":2},"end":{"line":105,"column":3}}]},"16":{"type":"branch","line":108,"loc":{"start":{"line":108,"column":2},"end":{"line":110,"column":3}},"locations":[{"start":{"line":108,"column":2},"end":{"line":110,"column":3}}]}},"b":{"0":[36],"1":[36],"2":[38],"3":[36],"4":[14],"5":[3],"6":[39],"7":[13],"8":[26],"9":[27],"10":[2],"11":[1],"12":[0],"13":[1],"14":[6],"15":[5],"16":[4]},"fnMap":{"0":{"name":"<instance_members_initializer>","decl":{"start":{"line":9,"column":7},"end":{"line":116,"column":1}},"loc":{"start":{"line":9,"column":7},"end":{"line":116,"column":1}},"line":9},"1":{"name":"Interactable","decl":{"start":{"line":13,"column":2},"end":{"line":15,"column":3}},"loc":{"start":{"line":13,"column":2},"end":{"line":15,"column":3}},"line":13},"2":{"name":"on","decl":{"start":{"line":18,"column":2},"end":{"line":25,"column":3}},"loc":{"start":{"line":18,"column":2},"end":{"line":25,"column":3}},"line":18},"3":{"name":"onClick","decl":{"start":{"line":28,"column":2},"end":{"line":30,"column":3}},"loc":{"start":{"line":28,"column":2},"end":{"line":30,"column":3}},"line":28},"4":{"name":"onDrag","decl":{"start":{"line":33,"column":2},"end":{"line":35,"column":3}},"loc":{"start":{"line":33,"column":2},"end":{"line":35,"column":3}},"line":33},"5":{"name":"dispatchEvent","decl":{"start":{"line":38,"column":2},"end":{"line":48,"column":3}},"loc":{"start":{"line":38,"column":2},"end":{"line":48,"column":3}},"line":38},"6":{"name":"off","decl":{"start":{"line":51,"column":2},"end":{"line":72,"column":3}},"loc":{"start":{"line":51,"column":2},"end":{"line":72,"column":3}},"line":51},"7":{"name":"removeAll","decl":{"start":{"line":75,"column":2},"end":{"line":78,"column":3}},"loc":{"start":{"line":75,"column":2},"end":{"line":78,"column":3}},"line":75},"8":{"name":"onPointer","decl":{"start":{"line":81,"column":2},"end":{"line":95,"column":3}},"loc":{"start":{"line":81,"column":2},"end":{"line":95,"column":3}},"line":81},"9":{"name":"onPointerEnter","decl":{"start":{"line":98,"column":2},"end":{"line":100,"column":3}},"loc":{"start":{"line":98,"column":2},"end":{"line":100,"column":3}},"line":98},"10":{"name":"onPointerLeave","decl":{"start":{"line":103,"column":2},"end":{"line":105,"column":3}},"loc":{"start":{"line":103,"column":2},"end":{"line":105,"column":3}},"line":103},"11":{"name":"onPointerMove","decl":{"start":{"line":108,"column":2},"end":{"line":110,"column":3}},"loc":{"start":{"line":108,"column":2},"end":{"line":110,"column":3}},"line":108},"12":{"name":"getObject","decl":{"start":{"line":113,"column":2},"end":{"line":115,"column":3}},"loc":{"start":{"line":113,"column":2},"end":{"line":115,"column":3}},"line":113}},"f":{"0":36,"1":36,"2":38,"3":14,"4":3,"5":39,"6":2,"7":1,"8":0,"9":6,"10":5,"11":4,"12":0}}
,"/Users/aokitsukasa/Projects/three-interact/src/index.ts": {"path":"/Users/aokitsukasa/Projects/three-interact/src/index.ts","all":false,"statementMap":{"1":{"start":{"line":2,"column":0},"end":{"line":2,"column":52}},"2":{"start":{"line":3,"column":0},"end":{"line":3,"column":46}},"3":{"start":{"line":4,"column":0},"end":{"line":4,"column":55}},"10":{"start":{"line":11,"column":0},"end":{"line":11,"column":83}},"11":{"start":{"line":12,"column":0},"end":{"line":12,"column":29}},"12":{"start":{"line":13,"column":0},"end":{"line":13,"column":1}},"15":{"start":{"line":16,"column":0},"end":{"line":16,"column":93}},"16":{"start":{"line":17,"column":0},"end":{"line":17,"column":52}},"17":{"start":{"line":18,"column":0},"end":{"line":18,"column":1}}},"s":{"1":1,"2":1,"3":1,"10":1,"11":1,"12":1,"15":1,"16":1,"17":1},"branchMap":{"0":{"type":"branch","line":11,"loc":{"start":{"line":11,"column":0},"end":{"line":13,"column":1}},"locations":[{"start":{"line":11,"column":0},"end":{"line":13,"column":1}}]},"1":{"type":"branch","line":16,"loc":{"start":{"line":16,"column":0},"end":{"line":18,"column":1}},"locations":[{"start":{"line":16,"column":0},"end":{"line":18,"column":1}}]},"2":{"type":"branch","line":17,"loc":{"start":{"line":17,"column":21},"end":{"line":17,"column":50}},"locations":[{"start":{"line":17,"column":21},"end":{"line":17,"column":50}}]}},"b":{"0":[1],"1":[1],"2":[2]},"fnMap":{"0":{"name":"interact","decl":{"start":{"line":11,"column":0},"end":{"line":13,"column":1}},"loc":{"start":{"line":11,"column":0},"end":{"line":13,"column":1}},"line":11},"1":{"name":"interactGroup","decl":{"start":{"line":16,"column":0},"end":{"line":18,"column":1}},"loc":{"start":{"line":16,"column":0},"end":{"line":18,"column":1}},"line":16}},"f":{"0":1,"1":1}}
,"/Users/aokitsukasa/Projects/three-interact/src/events/EventTypes.ts": {"path":"/Users/aokitsukasa/Projects/three-interact/src/events/EventTypes.ts","all":true,"statementMap":{},"s":{},"branchMap":{"0":{"type":"branch","line":1,"loc":{"start":{"line":1,"column":453},"end":{"line":21,"column":1}},"locations":[{"start":{"line":1,"column":453},"end":{"line":21,"column":1}}]}},"b":{"0":[1]},"fnMap":{"0":{"name":"(empty-report)","decl":{"start":{"line":1,"column":453},"end":{"line":21,"column":1}},"loc":{"start":{"line":1,"column":453},"end":{"line":21,"column":1}},"line":1}},"f":{"0":1}}
,"/Users/aokitsukasa/Projects/three-interact/src/events/InteractEvent.ts": {"path":"/Users/aokitsukasa/Projects/three-interact/src/events/InteractEvent.ts","all":false,"statementMap":{"2":{"start":{"line":3,"column":0},"end":{"line":3,"column":28}},"3":{"start":{"line":4,"column":0},"end":{"line":4,"column":15}},"4":{"start":{"line":5,"column":0},"end":{"line":5,"column":25}},"5":{"start":{"line":6,"column":0},"end":{"line":6,"column":35}},"6":{"start":{"line":7,"column":0},"end":{"line":7,"column":56}},"7":{"start":{"line":8,"column":0},"end":{"line":8,"column":51}},"8":{"start":{"line":9,"column":0},"end":{"line":9,"column":27}},"10":{"start":{"line":11,"column":0},"end":{"line":11,"column":14}},"11":{"start":{"line":12,"column":0},"end":{"line":12,"column":17}},"12":{"start":{"line":13,"column":0},"end":{"line":13,"column":27}},"13":{"start":{"line":14,"column":0},"end":{"line":14,"column":37}},"14":{"start":{"line":15,"column":0},"end":{"line":15,"column":57}},"15":{"start":{"line":16,"column":0},"end":{"line":16,"column":5}},"16":{"start":{"line":17,"column":0},"end":{"line":17,"column":21}},"17":{"start":{"line":18,"column":0},"end":{"line":18,"column":25}},"18":{"start":{"line":19,"column":0},"end":{"line":19,"column":37}},"19":{"start":{"line":20,"column":0},"end":{"line":20,"column":39}},"20":{"start":{"line":21,"column":0},"end":{"line":21,"column":3}},"22":{"start":{"line":23,"column":0},"end":{"line":23,"column":27}},"23":{"start":{"line":24,"column":0},"end":{"line":24,"column":24}},"24":{"start":{"line":25,"column":0},"end":{"line":25,"column":3}},"25":{"start":{"line":26,"column":0},"end":{"line":26,"column":1}}},"s":{"2":1,"3":39,"4":39,"5":39,"6":39,"7":39,"8":39,"10":39,"11":39,"12":39,"13":39,"14":39,"15":39,"16":39,"17":39,"18":39,"19":39,"20":39,"22":39,"23":3,"24":3,"25":39},"branchMap":{"0":{"type":"branch","line":3,"loc":{"start":{"line":3,"column":7},"end":{"line":26,"column":1}},"locations":[{"start":{"line":3,"column":7},"end":{"line":26,"column":1}}]},"1":{"type":"branch","line":11,"loc":{"start":{"line":11,"column":2},"end":{"line":21,"column":3}},"locations":[{"start":{"line":11,"column":2},"end":{"line":21,"column":3}}]},"2":{"type":"branch","line":23,"loc":{"start":{"line":23,"column":2},"end":{"line":25,"column":3}},"locations":[{"start":{"line":23,"column":2},"end":{"line":25,"column":3}}]}},"b":{"0":[39],"1":[39],"2":[3]},"fnMap":{"0":{"name":"<instance_members_initializer>","decl":{"start":{"line":3,"column":7},"end":{"line":26,"column":1}},"loc":{"start":{"line":3,"column":7},"end":{"line":26,"column":1}},"line":3},"1":{"name":"InteractEvent","decl":{"start":{"line":11,"column":2},"end":{"line":21,"column":3}},"loc":{"start":{"line":11,"column":2},"end":{"line":21,"column":3}},"line":11},"2":{"name":"stopPropagation","decl":{"start":{"line":23,"column":2},"end":{"line":25,"column":3}},"loc":{"start":{"line":23,"column":2},"end":{"line":25,"column":3}},"line":23}},"f":{"0":39,"1":39,"2":3}}
}
